<?xml version="1.0" encoding="UTF-8"?>
<!-- Generated by org.testng.reporters.JUnitReportReporter -->
<testsuite skipped="0" hostname="C054" name="AnnotationDataProvide" tests="2" failures="0" timestamp="05 out 2018 16:35:04 GMT" time="0.012" errors="0">
  <testcase name="Test1" time="0.001" classname="AnnotationDataProvide"/>
  <testcase name="Test1" time="0.011" classname="AnnotationDataProvide"/>
</testsuite> <!-- AnnotationDataProvide -->
