<?xml version="1.0" encoding="UTF-8"?>
<!-- Generated by org.testng.reporters.JUnitReportReporter -->
<testsuite skipped="0" hostname="C054" name="runnerTeste.CadastrarTransacoesRunner" tests="1" failures="0" timestamp="10 out 2018 19:52:55 GMT" time="19.988" errors="0">
  <testcase name="feature" time="19.988" classname="runnerTeste.CadastrarTransacoesRunner"/>
</testsuite> <!-- runnerTeste.CadastrarTransacoesRunner -->
