<?xml version="1.0" encoding="UTF-8"?>
<!-- Generated by org.testng.reporters.JUnitReportReporter -->
<testsuite skipped="0" hostname="C054" name="tesTngGeral.TestngParameters" tests="2" failures="0" timestamp="08 out 2018 13:41:34 GMT" time="21.283" errors="0">
  <testcase name="test" time="9.700" classname="tesTngGeral.TestngParameters"/>
  <testcase name="test" time="11.583" classname="tesTngGeral.TestngParameters"/>
</testsuite> <!-- tesTngGeral.TestngParameters -->
