<?xml version="1.0" encoding="UTF-8"?>
<!-- Generated by org.testng.reporters.JUnitReportReporter -->
<testsuite skipped="0" hostname="C054" name="runnerTeste.TestLoginCercRunner" tests="1" failures="0" timestamp="04 out 2018 19:44:30 GMT" time="61.285" errors="0">
  <testcase name="feature" time="61.285" classname="runnerTeste.TestLoginCercRunner"/>
</testsuite> <!-- runnerTeste.TestLoginCercRunner -->
