<?xml version="1.0" encoding="UTF-8"?>
<!-- Generated by org.testng.reporters.JUnitReportReporter -->
<testsuite skipped="0" hostname="C054" name="runnerTeste.ConsultaClienteRunner" tests="1" failures="0" timestamp="10 out 2018 19:52:55 GMT" time="21.740" errors="0">
  <testcase name="feature" time="21.740" classname="runnerTeste.ConsultaClienteRunner"/>
</testsuite> <!-- runnerTeste.ConsultaClienteRunner -->
