<?xml version="1.0" encoding="UTF-8"?>
<!-- Generated by org.testng.reporters.JUnitReportReporter -->
<testsuite skipped="0" hostname="C054" name="runnerTeste.CompraCompletaMyStoreComTestNgRunner" tests="1" failures="0" timestamp="09 out 2018 14:46:39 GMT" time="34.653" errors="0">
  <testcase name="feature" time="34.653" classname="runnerTeste.CompraCompletaMyStoreComTestNgRunner"/>
</testsuite> <!-- runnerTeste.CompraCompletaMyStoreComTestNgRunner -->
