<?xml version="1.0" encoding="UTF-8"?>
<!-- Generated by org.testng.reporters.JUnitReportReporter -->
<testsuite skipped="0" hostname="C054" name="runnerTeste.TestCriarUsuarioCercRunner" tests="1" failures="0" timestamp="05 out 2018 12:18:27 GMT" time="25.250" errors="0">
  <testcase name="feature" time="25.250" classname="runnerTeste.TestCriarUsuarioCercRunner"/>
</testsuite> <!-- runnerTeste.TestCriarUsuarioCercRunner -->
